INFO: [SIM 2] *************** CSIM start ***************
INFO: [SIM 4] CSIM will launch GCC as the compiler.
   Compiling ../../../MatMult_tb.cpp in debug mode
   Generating csim.exe
Matrix A : 
---------
10	20	30	40	

50	60	70	80	

90	100	110	120	

130	140	150	160	

Matrix B : 
---------
1.5	2	2.5	3	

3.5	4	4.5	5	

5.5	6	6.5	7	

7.5	8	8.5	9	

Result : 
---------
550	600	650	700	

1270	1400	1530	1660	

1990	2200	2410	2620	

2710	3000	3290	3580	

INFO: [SIM 1] CSim done with 0 errors.
INFO: [SIM 3] *************** CSIM finish ***************
