INFO: [SIM 2] *************** CSIM start ***************
INFO: [SIM 4] CSIM will launch GCC as the compiler.
   Compiling ../../../MatMult_tb.cpp in debug mode
   Compiling ../../../MatMult.cpp in debug mode
   Generating csim.exe
Matrix A : 
---------
10	20	30	40	

50	60	70	80	

90	100	110	120	

130	140	150	160	

Matrix B : 
---------
1	6	11	16	

21	26	31	36	

41	46	51	56	

61	66	71	76	

Result : 
---------
4100	4600	5100	5600	

9060	10360	11660	12960	

14020	16120	18220	20320	

18980	21880	24780	27680	

INFO: [SIM 1] CSim done with 0 errors.
INFO: [SIM 3] *************** CSIM finish ***************
